Virtual User Script started at: 03-06-2020 20:20:19	[MsgId: MMSG-15967]
Starting action vuser_init.	[MsgId: MMSG-15919]
Virtual user uses Upload: 5120000 bps, Download 5120000 bps network bandwidth	[MsgId: MMSG-56955]
Web Turbo Replay of LoadRunner 12.60.0 (Aug 09 2018 11:27:13)  	[MsgId: MMSG-27143]
Run mode: HTML  	[MsgId: MMSG-26993]
Replay user agent: Mozilla/5.0 (Windows; en) AppleWebKit/ (KHTML, like Gecko) Chrome/36.0.1985.125  	[MsgId: MMSG-26988]
Ending action vuser_init.	[MsgId: MMSG-15918]
Running Vuser...	[MsgId: MMSG-15964]
Starting iteration 1.	[MsgId: MMSG-15968]
Notify: Download : 5120000 bps, Upload : 5120000 bps network bandwidth.	[MsgId: MMSG-56975]
Maximum number of concurrent connections per server: 6  	[MsgId: MMSG-26989]
Starting action User_Registration.	[MsgId: MMSG-15919]
User_Registration.c(3): web_set_sockets_option started  	[MsgId: MMSG-26355]
User_Registration.c(3): web_set_sockets_option was successful  	[MsgId: MMSG-26392]
User_Registration.c(5): Notify: Parameter Substitution: parameter "pIterationNumber" =  "1"	[MsgId: MMSG-13992]
User_Registration.c(5): Iteration Number: 1	[MsgId: MMSG-17999]
User_Registration.c(7): web_reg_find started  	[MsgId: MMSG-26355]
User_Registration.c(7): Registering web_reg_find was successful  	[MsgId: MMSG-26390]
User_Registration.c(11): Notify: Transaction "SC01_WebTours_T01_LaunchPage" started.	[MsgId: MMSG-16999]
User_Registration.c(13): web_url("WebTours") started  	[MsgId: MMSG-26355]
User_Registration.c(13): Notify: Parameter Substitution: parameter "pServerName" =  "127.0.0.1"	[MsgId: MMSG-13992]
User_Registration.c(13): Notify: Parameter Substitution: parameter "pPortNo" =  "1080"	[MsgId: MMSG-13992]
User_Registration.c(13): Error -27792: Failed to connect to server "127.0.0.1:1080": [10061] Connection refused  	[MsgId: MERR-27792]
User_Registration.c(13): Registered web_reg_find successful for "Text=Web Tours"  	[MsgId: MMSG-26362]
User_Registration.c(13): Notify: Saving Parameter "WebTours_Count = 0".	[MsgId: MMSG-13798]
User_Registration.c(13): web_url("WebTours") highest severity level was "ERROR", 0 body bytes, 0 header bytes  	[MsgId: MMSG-26388]
User_Registration.c(13): Notify: Transaction "SC01_WebTours_T01_LaunchPage" ended with a "Fail" status (Duration: 2.0163).	[MsgId: MMSG-16873]
User_Registration.c(13): Notify: Transaction "SC01_WebTours_T01_LaunchPage" has 1 error message(s).	[MsgId: MMSG-16818]
User_Registration.c(13): Notify: The 1st error message associated with transaction "SC01_WebTours_T01_LaunchPage" is "Error -27792: Failed to connect to server "127.0.0.1:1080": [10061] Connection refused"	[MsgId: MMSG-16819]
Ending action User_Registration.	[MsgId: MMSG-15918]
Ending iteration 1.	[MsgId: MMSG-15965]
Waiting 120.0000 seconds for iteration pacing.	[MsgId: MMSG-15996]
Virtual User Script started at: 03-06-2020 20:20:24	[MsgId: MMSG-15967]
Starting action vuser_init.	[MsgId: MMSG-15919]
Virtual user uses Upload: 5120000 bps, Download 5120000 bps network bandwidth	[MsgId: MMSG-56955]
Web Turbo Replay of LoadRunner 12.60.0 (Aug 09 2018 11:27:13)  	[MsgId: MMSG-27143]
Run mode: HTML  	[MsgId: MMSG-26993]
Replay user agent: Mozilla/5.0 (Windows; en) AppleWebKit/ (KHTML, like Gecko) Chrome/36.0.1985.125  	[MsgId: MMSG-26988]
Ending action vuser_init.	[MsgId: MMSG-15918]
Running Vuser...	[MsgId: MMSG-15964]
Starting iteration 1.	[MsgId: MMSG-15968]
Notify: Download : 5120000 bps, Upload : 5120000 bps network bandwidth.	[MsgId: MMSG-56975]
Maximum number of concurrent connections per server: 6  	[MsgId: MMSG-26989]
Starting action User_Registration.	[MsgId: MMSG-15919]
User_Registration.c(3): web_set_sockets_option started  	[MsgId: MMSG-26355]
User_Registration.c(3): web_set_sockets_option was successful  	[MsgId: MMSG-26392]
User_Registration.c(5): Notify: Parameter Substitution: parameter "pIterationNumber" =  "1"	[MsgId: MMSG-13992]
User_Registration.c(5): Iteration Number: 1	[MsgId: MMSG-17999]
User_Registration.c(7): web_reg_find started  	[MsgId: MMSG-26355]
User_Registration.c(7): Registering web_reg_find was successful  	[MsgId: MMSG-26390]
User_Registration.c(11): Notify: Transaction "SC01_WebTours_T01_LaunchPage" started.	[MsgId: MMSG-16999]
User_Registration.c(13): web_url("WebTours") started  	[MsgId: MMSG-26355]
User_Registration.c(13): Notify: Parameter Substitution: parameter "pServerName" =  "127.0.0.1"	[MsgId: MMSG-13992]
User_Registration.c(13): Notify: Parameter Substitution: parameter "pPortNo" =  "1080"	[MsgId: MMSG-13992]
User_Registration.c(13): Error -27792: Failed to connect to server "127.0.0.1:1080": [10061] Connection refused  	[MsgId: MERR-27792]
User_Registration.c(13): Registered web_reg_find successful for "Text=Web Tours"  	[MsgId: MMSG-26362]
User_Registration.c(13): Notify: Saving Parameter "WebTours_Count = 0".	[MsgId: MMSG-13798]
User_Registration.c(13): web_url("WebTours") highest severity level was "ERROR", 0 body bytes, 0 header bytes  	[MsgId: MMSG-26388]
User_Registration.c(13): Notify: Transaction "SC01_WebTours_T01_LaunchPage" ended with a "Fail" status (Duration: 2.0059).	[MsgId: MMSG-16873]
User_Registration.c(13): Notify: Transaction "SC01_WebTours_T01_LaunchPage" has 1 error message(s).	[MsgId: MMSG-16818]
User_Registration.c(13): Notify: The 1st error message associated with transaction "SC01_WebTours_T01_LaunchPage" is "Error -27792: Failed to connect to server "127.0.0.1:1080": [10061] Connection refused"	[MsgId: MMSG-16819]
Ending action User_Registration.	[MsgId: MMSG-15918]
Ending iteration 1.	[MsgId: MMSG-15965]
Waiting 120.0000 seconds for iteration pacing.	[MsgId: MMSG-15996]
Virtual User Script started at: 03-06-2020 20:20:30	[MsgId: MMSG-15967]
Starting action vuser_init.	[MsgId: MMSG-15919]
Virtual user uses Upload: 5120000 bps, Download 5120000 bps network bandwidth	[MsgId: MMSG-56955]
Web Turbo Replay of LoadRunner 12.60.0 (Aug 09 2018 11:27:13)  	[MsgId: MMSG-27143]
Run mode: HTML  	[MsgId: MMSG-26993]
Replay user agent: Mozilla/5.0 (Windows; en) AppleWebKit/ (KHTML, like Gecko) Chrome/36.0.1985.125  	[MsgId: MMSG-26988]
Ending action vuser_init.	[MsgId: MMSG-15918]
Running Vuser...	[MsgId: MMSG-15964]
Starting iteration 1.	[MsgId: MMSG-15968]
Notify: Download : 5120000 bps, Upload : 5120000 bps network bandwidth.	[MsgId: MMSG-56975]
Maximum number of concurrent connections per server: 6  	[MsgId: MMSG-26989]
Starting action User_Registration.	[MsgId: MMSG-15919]
User_Registration.c(3): web_set_sockets_option started  	[MsgId: MMSG-26355]
User_Registration.c(3): web_set_sockets_option was successful  	[MsgId: MMSG-26392]
User_Registration.c(5): Notify: Parameter Substitution: parameter "pIterationNumber" =  "1"	[MsgId: MMSG-13992]
User_Registration.c(5): Iteration Number: 1	[MsgId: MMSG-17999]
User_Registration.c(7): web_reg_find started  	[MsgId: MMSG-26355]
User_Registration.c(7): Registering web_reg_find was successful  	[MsgId: MMSG-26390]
User_Registration.c(11): Notify: Transaction "SC01_WebTours_T01_LaunchPage" started.	[MsgId: MMSG-16999]
User_Registration.c(13): web_url("WebTours") started  	[MsgId: MMSG-26355]
User_Registration.c(13): Notify: Parameter Substitution: parameter "pServerName" =  "127.0.0.1"	[MsgId: MMSG-13992]
User_Registration.c(13): Notify: Parameter Substitution: parameter "pPortNo" =  "1080"	[MsgId: MMSG-13992]
User_Registration.c(13): Error -27792: Failed to connect to server "127.0.0.1:1080": [10061] Connection refused  	[MsgId: MERR-27792]
User_Registration.c(13): Registered web_reg_find successful for "Text=Web Tours"  	[MsgId: MMSG-26362]
User_Registration.c(13): Notify: Saving Parameter "WebTours_Count = 0".	[MsgId: MMSG-13798]
User_Registration.c(13): web_url("WebTours") highest severity level was "ERROR", 0 body bytes, 0 header bytes  	[MsgId: MMSG-26388]
User_Registration.c(13): Notify: Transaction "SC01_WebTours_T01_LaunchPage" ended with a "Fail" status (Duration: 2.0042).	[MsgId: MMSG-16873]
User_Registration.c(13): Notify: Transaction "SC01_WebTours_T01_LaunchPage" has 1 error message(s).	[MsgId: MMSG-16818]
User_Registration.c(13): Notify: The 1st error message associated with transaction "SC01_WebTours_T01_LaunchPage" is "Error -27792: Failed to connect to server "127.0.0.1:1080": [10061] Connection refused"	[MsgId: MMSG-16819]
Ending action User_Registration.	[MsgId: MMSG-15918]
Action was aborted.	[MsgId: MMSG-10694]
Ending Vuser...	[MsgId: MMSG-15966]
Starting action vuser_end.	[MsgId: MMSG-15919]
Ending action vuser_end.	[MsgId: MMSG-15918]
Vuser Terminated.	[MsgId: MMSG-15963]
Vuser 2 (thread 14676), ended OK."	[MsgId: MMSG-10695]
Action was aborted.	[MsgId: MMSG-10694]
Ending Vuser...	[MsgId: MMSG-15966]
Starting action vuser_end.	[MsgId: MMSG-15919]
Ending action vuser_end.	[MsgId: MMSG-15918]
Vuser Terminated.	[MsgId: MMSG-15963]
Action was aborted.	[MsgId: MMSG-10694]
Ending Vuser...	[MsgId: MMSG-15966]
Starting action vuser_end.	[MsgId: MMSG-15919]
Ending action vuser_end.	[MsgId: MMSG-15918]
Vuser Terminated.	[MsgId: MMSG-15963]
Vuser 1 (thread 1680), ended OK."	[MsgId: MMSG-10695]
Vuser 0 (thread 12304), ended OK."	[MsgId: MMSG-10695]
